{"uid":"CjYQh11yjChmrmDUTl","orig_spl":[80,288],"resp_spl":[80,304,64],"orig_spt":[0.0,0.00013899803161621094],"resp_spt":[0.0,0.01844501495361328,0.0002129077911376953]}
{"uid":"CeNYHT3kLbzz6zz5nf","orig_spl":[80,288],"resp_spl":[80,304,64],"orig_spt":[0.0,0.00010395050048828125],"resp_spt":[0.0,0.011898994445800781,5.602836608886719e-05]}
{"uid":"CGEJG0366TEKdinC05","orig_spl":[80,288],"resp_spl":[80,288,64],"orig_spt":[0.0,0.00016379356384277344],"resp_spt":[0.0,0.017727136611938477,6.103515625e-05]}
{"uid":"CTVLSe1hwybYQsWnf2","orig_spl":[80,320],"resp_spl":[80,176,64],"orig_spt":[0.0,0.00012493133544921875],"resp_spt":[0.0,0.12631011009216309,4.792213439941406e-05]}
{"uid":"CiRvRI3Sg1ObD2SWsa","orig_spl":[80,320],"resp_spl":[80,176,64],"orig_spt":[0.0,0.00012803077697753906],"resp_spt":[0.0,0.026414871215820313,4.506111145019531e-05]}
{"uid":"CnUpgx3Gkeqez6Iof","orig_spl":[80,320],"resp_spl":[80,736,64],"orig_spt":[0.0,0.0002961158752441406],"resp_spt":[0.0,0.0007388591766357422,6.29425048828125e-05]}
{"uid":"CBGZ5l1WPFRRyOizI1","orig_spl":[80,800],"resp_spl":[80,176,64],"orig_spt":[0.0,0.00011515617370605469],"resp_spt":[0.0,0.0007510185241699219,5.5789947509765625e-05]}
{"uid":"CZ1M3m1TYusFcXDf4k","orig_spl":[80,320],"resp_spl":[80,304,64],"orig_spt":[0.0,0.00012683868408203125],"resp_spt":[0.0,0.00045609474182128906,5.412101745605469e-05]}
{"uid":"CXfx8832NcUAlINwlf","orig_spl":[80,592],"resp_spl":[80,176,64],"orig_spt":[0.0,0.0001709461212158203],"resp_spt":[0.0,0.0006120204925537109,4.100799560546875e-05]}
{"uid":"CgWOgoLMGajFvs3wl","orig_spl":[80,320],"resp_spl":[80,320,64],"orig_spt":[0.0,0.00013494491577148438],"resp_spt":[0.0,0.0004780292510986328,5.1975250244140625e-05]}
{"uid":"CCRUOd1rtIjt8n6XZe","orig_spl":[80,320],"resp_spl":[80,128,64],"orig_spt":[0.0,0.00018215179443359375],"resp_spt":[0.0,0.20382094383239746,0.0003249645233154297]}
{"uid":"CuraDe1lE3HSgd4797","orig_spl":[80,544],"resp_spl":[80,176,64],"orig_spt":[0.0,0.00013494491577148438],"resp_spt":[0.0,0.0005960464477539063,5.1975250244140625e-05]}
{"uid":"COygIwRLo756F4bNd","orig_spl":[80,320],"resp_spl":[80,320,64],"orig_spt":[0.0,0.00011992454528808594],"resp_spt":[0.0,0.0006740093231201172,5.507469177246094e-05]}
{"uid":"CK0BZE4GN2QkD7iLVl","orig_spl":[80,320],"resp_spl":[80,176,64],"orig_spt":[0.0,0.00025582313537597656],"resp_spt":[0.0,0.10119915008544922,0.0003218650817871094]}
{"uid":"CiTYyX18CWav4UZQkj","orig_spl":[80,320],"resp_spl":[80,176,64],"orig_spt":[0.0,0.0001800060272216797],"resp_spt":[0.0,0.20215082168579102,6.508827209472656e-05]}
{"uid":"CxixMzkTnT6hAtEoj","orig_spl":[80,320],"resp_spl":[80,176,64],"orig_spt":[0.0,0.00013899803161621094],"resp_spt":[0.0,0.10197019577026367,4.792213439941406e-05]}
{"uid":"CaaXF31loFaGM71Eb3","orig_spl":[80,320],"resp_spl":[80,176,64],"orig_spt":[0.0,0.00011110305786132813],"resp_spt":[0.0,0.1024630069732666,7.390975952148438e-05]}
{"uid":"CUi3p1240STrPzOzpj","orig_spl":[80,400,2000],"resp_spl":[80,176,64],"orig_spt":[0.0,0.00011897087097167969,1.0011229515075684],"resp_spt":[0.0,0.0013000965118408203,5.888938903808594e-05]}
{"uid":"CuCDw53Mp7SiKWxjJg","orig_spl":[80,320],"resp_spl":[80,176,64],"orig_spt":[0.0,0.00011181831359863281],"resp_spt":[0.0,0.09876108169555664,4.506111145019531e-05]}
{"uid":"CDn8cy1mEW9THBDPd9","orig_spl":[80,320],"resp_spl":[80,304,64],"orig_spt":[0.0,0.00010895729064941406],"resp_spt":[0.0,0.0005500316619873047,5.507469177246094e-05]}
{"uid":"CX3CJgmeZLpnWJSSk","orig_spl":[80,592],"resp_spl":[80,176,64],"orig_spt":[0.0,0.00012993812561035156],"resp_spt":[0.0,0.0007500648498535156,6.604194641113281e-05]}
{"uid":"CnKJOU1sZZFzN0dSg9","orig_spl":[80,320],"resp_spl":[80,304,64],"orig_spt":[0.0,0.00014710426330566406],"resp_spt":[0.0,0.00041294097900390625,5.3882598876953125e-05]}
{"uid":"CuH7Fm3bC8kO7kUjYa","orig_spl":[80,656],"resp_spl":[80,176,64],"orig_spt":[0.0,0.000125885009765625],"resp_spt":[0.0,0.0006949901580810547,5.221366882324219e-05]}
{"uid":"CDkFj73GivG7Zd6e5k","orig_spl":[80,320],"resp_spl":[80,320,64],"orig_spt":[0.0,0.00012183189392089844],"resp_spt":[0.0,0.0004761219024658203,5.3882598876953125e-05]}
{"uid":"CJR3r62kr76lcNDGRa","orig_spl":[80,880],"resp_spl":[80,176,64],"orig_spt":[0.0,0.0001251697540283203],"resp_spt":[0.0,0.0007748603820800781,0.0004470348358154297]}
{"uid":"CbPcSb4WfvHT7yMxTb","orig_spl":[80,320],"resp_spl":[80,304,64],"orig_spt":[0.0,0.00012302398681640625],"resp_spt":[0.0,0.0005879402160644531,7.009506225585938e-05]}
{"uid":"CpG4UM1CsoOc7IsJP4","orig_spl":[80,688],"resp_spl":[80,176,64],"orig_spt":[0.0,0.00012421607971191406],"resp_spt":[0.0,0.0008327960968017578,5.412101745605469e-05]}
{"uid":"CbChkM2PdVDJBxSkX","orig_spl":[80,320],"resp_spl":[80,176,64],"orig_spt":[0.0,0.00010895729064941406],"resp_spt":[0.0,0.0008480548858642578,6.604194641113281e-05]}
{"uid":"CeOq6f1onOYbxZGue5","orig_spl":[80,320],"resp_spl":[80,176,64],"orig_spt":[0.0,0.0001609325408935547],"resp_spt":[0.0,0.0005841255187988281,5.602836608886719e-05]}
{"uid":"ChbzEq34yFiiXwHobj","orig_spl":[80,320],"resp_spl":[80,176,64],"orig_spt":[0.0,0.00010514259338378906],"resp_spt":[0.0,0.0005459785461425781,5.602836608886719e-05]}
{"uid":"CjQYeI1qN4QElgnKuh","orig_spl":[80,320],"resp_spl":[80,176,64],"orig_spt":[0.0,0.00010704994201660156],"resp_spt":[0.0,0.0006871223449707031,5.698204040527344e-05]}
{"uid":"Cp8skD1UbNgH6uaIo7","orig_spl":[80,320],"resp_spl":[80,176,64],"orig_spt":[0.0,0.00010895729064941406],"resp_spt":[0.0,0.0005850791931152344,5.793571472167969e-05]}
{"uid":"CtSwol1frR8cSXMaT1","orig_spl":[80,320],"resp_spl":[80,320,64],"orig_spt":[0.0,0.00011897087097167969],"resp_spt":[0.0,0.0008749961853027344,6.508827209472656e-05]}
{"uid":"CKAVI4N4Wqki4VFpa","orig_spl":[80,320],"resp_spl":[80,176,64],"orig_spt":[0.0,0.00014710426330566406],"resp_spt":[0.0,0.10087013244628906,6.079673767089844e-05]}
{"uid":"C0W0aZ2hgCm0zkUxx1","orig_spl":[80,320],"resp_spl":[80,176,64],"orig_spt":[0.0,0.0001220703125],"resp_spt":[0.0,0.2013399600982666,8.0108642578125e-05]}
{"uid":"CMIDq22rReeRJEVFW2","orig_spl":[80,320],"resp_spl":[80,176,64],"orig_spt":[0.0,0.00010800361633300781],"resp_spt":[0.0,0.10082197189331055,5.793571472167969e-05]}
{"uid":"ClxyZh2nx6uQ6GJ99i","orig_spl":[80,320],"resp_spl":[80,176,64],"orig_spt":[0.0,0.0001270771026611328],"resp_spt":[0.0,0.10149192810058594,7.104873657226563e-05]}
{"uid":"CTiwtP2jceXlMMKTuj","orig_spl":[80,320],"resp_spl":[80,176,64],"orig_spt":[0.0,0.0001819133758544922],"resp_spt":[0.0,0.11304402351379395,4.8160552978515625e-05]}
{"uid":"C52Ss13O30GT1g1Jb2","orig_spl":[80,320],"resp_spl":[80,176,64],"orig_spt":[0.0,0.00011610984802246094],"resp_spt":[0.0,0.0010480880737304688,6.580352783203125e-05]}
{"uid":"C3jOzlgWQuLlumN28","orig_spl":[80,400,16448,7568],"resp_spl":[80,176,64],"orig_spt":[0.0,0.00015616416931152344,1.001682996749878,0.00011801719665527344],"resp_spt":[0.0,0.01505899429321289,0.00028395652770996094]}
{"uid":"CwG6EAwIjrpm8vUPb","orig_spl":[80,320],"resp_spl":[80,176,64],"orig_spt":[0.0,0.00010991096496582031],"resp_spt":[0.0,0.0006530284881591797,6.914138793945313e-05]}
{"uid":"CgCREA2dEKYSrOUeL9","orig_spl":[80,320],"resp_spl":[80,176,64],"orig_spt":[0.0,0.00011086463928222656],"resp_spt":[0.0,0.0010349750518798828,5.412101745605469e-05]}
{"uid":"CqEpjn1Hdmro0dmoy8","orig_spl":[80,320],"resp_spl":[80,176,64],"orig_spt":[0.0,0.00011801719665527344],"resp_spt":[0.0,0.0006361007690429688,6.29425048828125e-05]}
{"uid":"CtTR7rRAlfePd538g","orig_spl":[80,320],"resp_spl":[80,176,64],"orig_spt":[0.0,0.0001049041748046875],"resp_spt":[0.0,0.0006542205810546875,0.00015497207641601563]}
{"uid":"CO93Pp2XNsQznVzwj","orig_spl":[80,320],"resp_spl":[80,176,64],"orig_spt":[0.0,0.00010204315185546875],"resp_spt":[0.0,0.0006821155548095703,5.2928924560546875e-05]}
{"uid":"CKXkX61NJsKJj25ykc","orig_spl":[80,320],"resp_spl":[80,176,64],"orig_spt":[0.0,0.00024890899658203125],"resp_spt":[0.0,0.0011639595031738281,5.817413330078125e-05]}
{"uid":"CPupCf2WbVB9HwyNVi","orig_spl":[80,320],"resp_spl":[80,176,64],"orig_spt":[0.0,0.00010514259338378906],"resp_spt":[0.0,0.0006718635559082031,5.7220458984375e-05]}
{"uid":"C4beZAotHGzv1cmNd","orig_spl":[80,320],"resp_spl":[80,176,64],"orig_spt":[0.0,0.00013685226440429688],"resp_spt":[0.0,0.0004470348358154297,5.817413330078125e-05]}
{"uid":"CLqtgZ3niRLqnnoQ19","orig_spl":[80,320],"resp_spl":[80,176,64],"orig_spt":[0.0,0.00013518333435058594],"resp_spt":[0.0,0.000453948974609375,5.3882598876953125e-05]}
{"uid":"CsTOl12l116PewAlY9","orig_spl":[80,320],"resp_spl":[80,176,64],"orig_spt":[0.0,8.58306884765625e-05],"resp_spt":[0.0,0.0004961490631103516,5.3882598876953125e-05]}
{"uid":"C5e6Oy7uOZTgxUKYc","orig_spl":[80,320],"resp_spl":[80,176,64],"orig_spt":[0.0,9.393692016601563e-05],"resp_spt":[0.0,0.0005931854248046875,5.4836273193359375e-05]}
{"uid":"C7gt0p4Y7Wo0YSUvId","orig_spl":[80,320],"resp_spl":[80,176,64],"orig_spt":[0.0,9.202957153320313e-05],"resp_spt":[0.0,0.0006220340728759766,5.3882598876953125e-05]}
{"uid":"CRiZEZK8OqrgXykZe","orig_spl":[80,320],"resp_spl":[80,176,64],"orig_spt":[0.0,0.00011086463928222656],"resp_spt":[0.0,0.0005850791931152344,6.008148193359375e-05]}
{"uid":"CXvbEj16TZY8QXIMw9","orig_spl":[80,320],"resp_spl":[80,176,64],"orig_spt":[0.0,0.0001239776611328125],"resp_spt":[0.0,0.0005559921264648438,5.412101745605469e-05]}
{"uid":"Csevws30H69DSgo2ld","orig_spl":[80,320],"resp_spl":[80,176,64],"orig_spt":[0.0,8.606910705566406e-05],"resp_spt":[0.0,0.001316070556640625,6.890296936035156e-05]}
{"uid":"CoQGQg2k8g3UdD7mX7","orig_spl":[80,320],"resp_spl":[80,176,64],"orig_spt":[0.0,0.000102996826171875],"resp_spt":[0.0,0.0005600452423095703,5.3882598876953125e-05]}
{"uid":"CviZ2J13Y0vmY0F5Xh","orig_spl":[80,320],"resp_spl":[80,304,64],"orig_spt":[0.0,9.179115295410156e-05],"resp_spt":[0.0,0.0007112026214599609,6.389617919921875e-05]}
{"uid":"CssvkR2sGE9dZ0vnp9","orig_spl":[80,560],"resp_spl":[80,176,64],"orig_spt":[0.0,0.00017404556274414063],"resp_spt":[0.0,0.0010409355163574219,5.221366882324219e-05]}
{"uid":"C8ucDKOLgSZ5nXrZk","orig_spl":[80,320],"resp_spl":[80,176,64],"orig_spt":[0.0,0.00013399124145507813],"resp_spt":[0.0,0.00698399543762207,0.00010395050048828125]}
{"uid":"CC27532QEIlJNlwpi3","orig_spl":[80,320],"resp_spl":[80,176,64],"orig_spt":[0.0,0.00019288063049316406],"resp_spt":[0.0,0.0008909702301025391,0.0001571178436279297]}
{"uid":"CP6oDr2uvF9j4LdZG4","orig_spl":[80,320],"resp_spl":[80,176,64],"orig_spt":[0.0,0.00010585784912109375],"resp_spt":[0.0,0.00047898292541503906,5.817413330078125e-05]}
{"uid":"CIFEn52gWvo6z9Vzgj","orig_spl":[80,320],"resp_spl":[80,176,64],"orig_spt":[0.0,0.00010919570922851563],"resp_spt":[0.0,0.0006988048553466797,6.318092346191406e-05]}
{"uid":"CnZxyT1wvbNtIral82","orig_spl":[80,320],"resp_spl":[80,320,64],"orig_spt":[0.0,0.00011110305786132813],"resp_spt":[0.0,0.0007109642028808594,6.198883056640625e-05]}
{"uid":"CxA3Wz1rPhOuhMwJw4","orig_spl":[80,320],"resp_spl":[80,176,64],"orig_spt":[0.0,0.0001327991485595703],"resp_spt":[0.0,0.10234808921813965,7.104873657226563e-05]}
{"uid":"C7LJpv3jprLDkooOFe","orig_spl":[80,320],"resp_spl":[80,176,64],"orig_spt":[0.0,0.00010704994201660156],"resp_spt":[0.0,0.0010449886322021484,6.508827209472656e-05]}
{"uid":"C9E04Wbwfsocsbmfj","orig_spl":[80,320],"resp_spl":[80,176,64],"orig_spt":[0.0,0.0002181529998779297],"resp_spt":[0.0,0.001961946487426758,5.602836608886719e-05]}
{"uid":"CFGIiBmTmbS7EJ1kg","orig_spl":[80,400,16448,7568],"resp_spl":[80,176,64],"orig_spt":[0.0,0.0001068115234375,1.0011491775512695,0.00010800361633300781],"resp_spt":[0.0,0.016965866088867188,6.103515625e-05]}
{"uid":"C6G3I12WIQFHHKMzbi","orig_spl":[80,320],"resp_spl":[80,176,64],"orig_spt":[0.0,0.00017404556274414063],"resp_spt":[0.0,0.0006959438323974609,6.890296936035156e-05]}
{"uid":"CZd9urXfNxbawAWVh","orig_spl":[80,320],"resp_spl":[80,176,64],"orig_spt":[0.0,0.00011801719665527344],"resp_spt":[0.0,0.0004940032958984375,5.602836608886719e-05]}
{"uid":"CWU8MMM3Js7PcvO0k","orig_spl":[80,320],"resp_spl":[80,176,64],"orig_spt":[0.0,0.00011610984802246094],"resp_spt":[0.0,0.10314202308654785,0.0001399517059326172]}
{"uid":"CeSHdHnhCzpw817zi","orig_spl":[80,320],"resp_spl":[80,288,64],"orig_spt":[0.0,0.00014519691467285156],"resp_spt":[0.0,0.001107931137084961,0.0001308917999267578]}
{"uid":"CCG81u4GBHtTsRNR71","orig_spl":[80,320],"resp_spl":[80,176,64],"orig_spt":[0.0,0.00010609626770019531],"resp_spt":[0.0,0.0033397674560546875,5.602836608886719e-05]}
{"uid":"CUCp2N3i1nhlKsZuc9","orig_spl":[80,320],"resp_spl":[80,176,64],"orig_spt":[0.0,0.00011610984802246094],"resp_spt":[0.0,0.0008950233459472656,7.081031799316406e-05]}
